<?xml version="1.0" encoding="UTF-8"?>
<testng-results ignored="0" total="4" passed="3" failed="1" skipped="0">
  <reporter-output>
  </reporter-output>
  <suite started-at="2023-10-21T16:23:44 IST" name="testingSuite" finished-at="2023-10-21T16:23:46 IST" duration-ms="1895">
    <groups>
      <group name="selenium">
        <method signature="WebDriverTest.seleniumTest()[pri:0, instance:com.testdemo.WebDriverTest@73700b80]" name="seleniumTest" class="com.testdemo.WebDriverTest"/>
      </group> <!-- selenium -->
      <group name="addition">
        <method signature="AppTest.addNegativeTest()[pri:0, instance:com.testdemo.AppTest@1e683a3e]" name="addNegativeTest" class="com.testdemo.AppTest"/>
        <method signature="AppTest.addPositiveTest([I)[pri:0, instance:com.testdemo.AppTest@1e683a3e]" name="addPositiveTest" class="com.testdemo.AppTest"/>
      </group> <!-- addition -->
    </groups>
    <test started-at="2023-10-21T16:23:44 IST" name="Test1" finished-at="2023-10-21T16:23:46 IST" duration-ms="1895">
      <class name="com.testdemo.WebDriverTest">
        <test-method is-config="true" signature="initAll()[pri:0, instance:com.testdemo.WebDriverTest@73700b80]" started-at="2023-10-21T16:23:44 IST" name="initAll" finished-at="2023-10-21T16:23:44 IST" duration-ms="701" status="PASS">
          <reporter-output>
          </reporter-output>
        </test-method> <!-- initAll -->
        <test-method signature="seleniumTest()[pri:0, instance:com.testdemo.WebDriverTest@73700b80]" started-at="2023-10-21T16:23:44 IST" name="seleniumTest" finished-at="2023-10-21T16:23:46 IST" duration-ms="1052" status="PASS">
          <reporter-output>
          </reporter-output>
        </test-method> <!-- seleniumTest -->
        <test-method is-config="true" signature="destroy()[pri:0, instance:com.testdemo.WebDriverTest@73700b80]" started-at="2023-10-21T16:23:46 IST" name="destroy" finished-at="2023-10-21T16:23:46 IST" duration-ms="106" status="PASS">
          <reporter-output>
          </reporter-output>
        </test-method> <!-- destroy -->
      </class> <!-- com.testdemo.WebDriverTest -->
      <class name="com.testdemo.AppTest">
        <test-method is-config="true" signature="initAll()[pri:0, instance:com.testdemo.AppTest@1e683a3e]" started-at="2023-10-21T16:23:44 IST" name="initAll" finished-at="2023-10-21T16:23:44 IST" duration-ms="8" status="PASS">
          <reporter-output>
          </reporter-output>
        </test-method> <!-- initAll -->
        <test-method signature="addNegativeTest()[pri:0, instance:com.testdemo.AppTest@1e683a3e]" started-at="2023-10-21T16:23:44 IST" name="addNegativeTest" finished-at="2023-10-21T16:23:44 IST" duration-ms="2" status="PASS">
          <reporter-output>
          </reporter-output>
        </test-method> <!-- addNegativeTest -->
        <test-method signature="addPositiveTest([I)[pri:0, instance:com.testdemo.AppTest@1e683a3e]" started-at="2023-10-21T16:23:44 IST" name="addPositiveTest" data-provider="test1" finished-at="2023-10-21T16:23:44 IST" duration-ms="0" status="PASS">
          <params>
            <param index="0">
              <value>
                <![CDATA[[I@78830d9a]]>
              </value>
            </param>
          </params>
          <reporter-output>
          </reporter-output>
        </test-method> <!-- addPositiveTest -->
        <test-method signature="addPositiveTest([I)[pri:0, instance:com.testdemo.AppTest@1e683a3e]" started-at="2023-10-21T16:23:44 IST" name="addPositiveTest" data-provider="test1" finished-at="2023-10-21T16:23:44 IST" duration-ms="0" status="FAIL">
          <params>
            <param index="0">
              <value>
                <![CDATA[[I@5da7cee2]]>
              </value>
            </param>
          </params>
          <exception class="java.lang.AssertionError">
            <message>
              <![CDATA[expected:<8> but was:<7>]]>
            </message>
            <full-stacktrace>
              <![CDATA[java.lang.AssertionError: expected:<8> but was:<7>
at org.junit.Assert.fail(Assert.java:88)
at org.junit.Assert.failNotEquals(Assert.java:743)
at org.junit.Assert.assertEquals(Assert.java:118)
at org.junit.Assert.assertEquals(Assert.java:555)
at org.junit.Assert.assertEquals(Assert.java:542)
at com.testdemo.AppTest.addPositiveTest(AppTest.java:28)
at java.base/jdk.internal.reflect.NativeMethodAccessorImpl.invoke0(Native Method)
at java.base/jdk.internal.reflect.NativeMethodAccessorImpl.invoke(NativeMethodAccessorImpl.java:62)
at java.base/jdk.internal.reflect.DelegatingMethodAccessorImpl.invoke(DelegatingMethodAccessorImpl.java:43)
at java.base/java.lang.reflect.Method.invoke(Method.java:566)
at org.testng.internal.invokers.MethodInvocationHelper.invokeMethod(MethodInvocationHelper.java:139)
at org.testng.internal.invokers.TestInvoker.invokeMethod(TestInvoker.java:664)
at org.testng.internal.invokers.TestInvoker.invokeTestMethod(TestInvoker.java:227)
at org.testng.internal.invokers.MethodRunner.runInSequence(MethodRunner.java:50)
at org.testng.internal.invokers.TestInvoker$MethodInvocationAgent.invoke(TestInvoker.java:957)
at org.testng.internal.invokers.TestInvoker.invokeTestMethods(TestInvoker.java:200)
at org.testng.internal.invokers.TestMethodWorker.invokeTestMethods(TestMethodWorker.java:148)
at org.testng.internal.invokers.TestMethodWorker.run(TestMethodWorker.java:128)
at java.base/java.util.ArrayList.forEach(ArrayList.java:1541)
at org.testng.TestRunner.privateRun(TestRunner.java:848)
at org.testng.TestRunner.run(TestRunner.java:621)
at org.testng.SuiteRunner.runTest(SuiteRunner.java:443)
at org.testng.SuiteRunner.runSequentially(SuiteRunner.java:437)
at org.testng.SuiteRunner.privateRun(SuiteRunner.java:397)
at org.testng.SuiteRunner.run(SuiteRunner.java:336)
at org.testng.SuiteRunnerWorker.runSuite(SuiteRunnerWorker.java:52)
at org.testng.SuiteRunnerWorker.run(SuiteRunnerWorker.java:95)
at org.testng.TestNG.runSuitesSequentially(TestNG.java:1280)
at org.testng.TestNG.runSuitesLocally(TestNG.java:1200)
at org.testng.TestNG.runSuites(TestNG.java:1114)
at org.testng.TestNG.run(TestNG.java:1082)
at org.apache.maven.surefire.testng.TestNGExecutor.run(TestNGExecutor.java:283)
at org.apache.maven.surefire.testng.TestNGXmlTestSuite.execute(TestNGXmlTestSuite.java:75)
at org.apache.maven.surefire.testng.TestNGProvider.invoke(TestNGProvider.java:120)
at org.apache.maven.surefire.booter.ForkedBooter.invokeProviderInSameClassLoader(ForkedBooter.java:384)
at org.apache.maven.surefire.booter.ForkedBooter.runSuitesInProcess(ForkedBooter.java:345)
at org.apache.maven.surefire.booter.ForkedBooter.execute(ForkedBooter.java:126)
at org.apache.maven.surefire.booter.ForkedBooter.main(ForkedBooter.java:418)
]]>
            </full-stacktrace>
          </exception> <!-- java.lang.AssertionError -->
          <reporter-output>
          </reporter-output>
        </test-method> <!-- addPositiveTest -->
      </class> <!-- com.testdemo.AppTest -->
    </test> <!-- Test1 -->
  </suite> <!-- testingSuite -->
</testng-results>
